2012-05-23 11:00:34 AM INFO Checking privileges.
2012-05-23 11:00:34 AM INFO Checking privileges on candidates.
2012-05-23 11:00:34 AM INFO Registering instance on master.
2012-05-23 11:00:34 AM INFO Failover console started.
2012-05-23 11:00:34 AM INFO Failover mode = auto.
2012-05-23 11:00:37 AM INFO Getting health for master: localhost:3308.
2012-05-23 11:00:37 AM INFO Master status: binlog: server3.000001, position:611
2012-05-23 11:00:55 AM INFO Master status: binlog: server3.000001, position:611
2012-05-23 11:01:05 AM INFO Getting health for master: localhost:3308.
2012-05-23 11:01:05 AM INFO Master status: binlog: server3.000001, position:611
2012-05-23 11:01:06 AM INFO Getting health for master: localhost:3308.
2012-05-23 11:01:07 AM INFO Master status: binlog: server3.000001, position:611
2012-05-23 11:01:08 AM INFO Master status: binlog: server3.000001, position:611
2012-05-23 11:01:13 AM INFO Master status: binlog: server3.000001, position:611
2012-05-23 11:01:20 AM INFO Master status: binlog: server3.000001, position:611
2012-05-23 11:01:32 AM INFO Master status: binlog: server3.000001, position:611
2012-05-23 11:01:50 AM INFO Master status: binlog: server3.000001, position:611
2012-05-23 11:02:08 AM INFO Master status: binlog: server3.000001, position:611
2012-05-23 11:02:26 AM INFO Master status: binlog: server3.000001, position:611
2012-05-23 11:02:44 AM INFO Master status: binlog: server3.000001, position:611
2012-05-23 11:03:02 AM INFO Master status: binlog: server3.000001, position:611
2012-05-23 11:03:20 AM INFO Master status: binlog: server3.000001, position:611
2012-05-23 11:03:38 AM INFO Master status: binlog: server3.000001, position:611
2012-05-23 11:03:56 AM INFO Master status: binlog: server3.000001, position:611
2012-05-23 11:04:14 AM INFO Master status: binlog: server3.000001, position:611
2012-05-23 11:04:32 AM INFO Master status: binlog: server3.000001, position:611
2012-05-23 11:04:50 AM INFO Master status: binlog: server3.000001, position:611
2012-05-23 11:05:08 AM INFO Master status: binlog: server3.000001, position:611
2012-05-23 11:05:26 AM INFO Master status: binlog: server3.000001, position:611
2012-05-23 11:05:44 AM INFO Master status: binlog: server3.000001, position:611
2012-05-23 11:06:02 AM INFO Master status: binlog: server3.000001, position:611
2012-05-23 11:06:21 AM INFO Master status: binlog: server3.000001, position:611
2012-05-23 11:06:39 AM INFO Master status: binlog: server3.000001, position:611
2012-05-23 11:06:57 AM INFO Master status: binlog: server3.000001, position:611
2012-05-23 11:07:15 AM INFO Master status: binlog: server3.000001, position:611
2012-05-23 11:07:33 AM INFO Master status: binlog: server3.000001, position:611
2012-05-23 11:07:51 AM INFO Master status: binlog: server3.000001, position:611
2012-05-23 11:08:09 AM INFO Master status: binlog: server3.000001, position:611
2012-05-23 11:08:27 AM INFO Master status: binlog: server3.000001, position:611
2012-05-23 11:08:45 AM INFO Master status: binlog: server3.000001, position:611
2012-05-23 11:09:03 AM INFO Master status: binlog: server3.000001, position:611
2012-05-23 11:09:21 AM INFO Master status: binlog: server3.000001, position:611
2012-05-23 11:09:34 AM INFO Master status: binlog: server3.000001, position:611
2012-05-23 11:09:36 AM INFO Master status: binlog: server3.000001, position:611
2012-05-23 11:09:39 AM INFO Master status: binlog: server3.000001, position:611
2012-05-23 11:09:43 AM INFO Master status: binlog: server3.000001, position:611
2012-05-23 11:09:43 AM INFO Master status: binlog: server3.000001, position:611
2012-05-23 11:09:44 AM INFO Master status: binlog: server3.000001, position:611
2012-05-23 11:09:57 AM INFO Master status: binlog: server3.000001, position:611
2012-05-23 11:10:15 AM INFO Master status: binlog: server3.000001, position:611
2012-05-23 11:10:34 AM INFO Master status: binlog: server3.000001, position:611
2012-05-23 11:10:43 AM INFO Unregistering instance on master.
2012-05-23 11:10:43 AM INFO Failover console stopped.
2012-05-23 11:15:44 AM INFO Checking privileges.
2012-05-23 11:15:44 AM INFO Checking privileges on candidates.
2012-05-23 11:15:44 AM INFO Registering instance on master.
2012-05-23 11:15:44 AM INFO Failover console started.
2012-05-23 11:15:44 AM INFO Failover mode = auto.
2012-05-23 11:15:47 AM INFO Getting health for master: localhost:3308.
2012-05-23 11:15:47 AM INFO Master status: binlog: server3.000001, position:1362
2012-05-23 11:15:53 AM INFO Master status: binlog: server3.000001, position:1362
2012-05-23 11:16:05 AM INFO Master status: binlog: server3.000001, position:1362
2012-05-23 11:16:23 AM INFO Master status: binlog: server3.000001, position:1362
2012-05-23 11:16:41 AM INFO Master status: binlog: server3.000001, position:1362
2012-05-23 11:16:59 AM INFO Master status: binlog: server3.000001, position:1362
2012-05-23 11:17:14 AM INFO Master may be down. Waiting for 3 seconds.
2012-05-23 11:17:17 AM INFO Cannot reconnect to master.
2012-05-23 11:17:20 AM CRITICAL Master is confirmed to be down or unreachable.
2012-05-23 11:17:20 AM INFO Failover starting in 'auto' mode...
2012-05-23 11:17:21 AM INFO Candidate slave localhost:3309 will become the new master.
2012-05-23 11:17:21 AM INFO Preparing candidate for failover.
2012-05-23 11:17:21 AM INFO Creating replication user if it does not exist.
2012-05-23 11:17:21 AM INFO Spawning external script.
2012-05-23 11:17:21 AM INFO Script completed Ok.
2012-05-23 11:17:21 AM INFO Stopping slaves.
2012-05-23 11:17:21 AM INFO Performing STOP on all slaves.
2012-05-23 11:17:21 AM INFO Switching slaves to new master.
2012-05-23 11:17:21 AM INFO Starting slaves.
2012-05-23 11:17:21 AM INFO Performing START on all slaves.
2012-05-23 11:17:21 AM INFO Checking slaves for errors.
2012-05-23 11:17:21 AM INFO Failover complete.
2012-05-23 11:17:26 AM INFO Getting health for master: localhost:3309.
2012-05-23 11:17:26 AM INFO Master status: binlog: server4.000001, position:1362
2012-05-23 11:17:35 AM INFO Master status: binlog: server4.000001, position:1362
2012-05-23 11:17:44 AM INFO Master status: binlog: server4.000001, position:1362
2012-05-23 11:18:02 AM INFO Master status: binlog: server4.000001, position:1362
2012-05-23 11:18:20 AM INFO Master status: binlog: server4.000001, position:1362
2012-05-23 11:18:38 AM INFO Master status: binlog: server4.000001, position:1362
2012-05-23 11:18:56 AM INFO Master status: binlog: server4.000001, position:1362
2012-05-23 11:19:14 AM INFO Master status: binlog: server4.000001, position:1362
2012-05-23 11:19:32 AM INFO Master status: binlog: server4.000001, position:1362
2012-05-23 11:23:38 AM INFO Checking privileges.
2012-05-23 11:23:38 AM INFO Checking privileges on candidates.
2012-05-23 11:23:38 AM INFO Registering instance on master.
2012-05-23 11:23:38 AM WARNING Multiple instances of failover console found for master localhost:3308.
2012-05-23 11:23:43 AM INFO Failover console started.
2012-05-23 11:23:43 AM INFO Failover mode = fail.
2012-05-23 11:23:46 AM INFO Getting health for master: localhost:3308.
2012-05-23 11:23:47 AM INFO Master status: binlog: server3.000002, position:378
2012-05-23 11:23:51 AM INFO Master status: binlog: server3.000002, position:378
2012-05-23 11:23:54 AM INFO Unregistering instance on master.
2012-05-23 11:23:54 AM INFO Failover console stopped.
2012-05-23 11:24:58 AM INFO Checking privileges.
2012-05-23 11:24:58 AM INFO Checking privileges on candidates.
2012-05-23 11:24:58 AM INFO Registering instance on master.
2012-05-23 11:24:59 AM INFO Failover console started.
2012-05-23 11:24:59 AM INFO Failover mode = auto.
2012-05-23 11:25:02 AM INFO Getting health for master: localhost:3308.
2012-05-23 11:25:02 AM INFO Master status: binlog: server3.000002, position:1016
2012-05-23 11:25:20 AM INFO Master status: binlog: server3.000002, position:1016
2012-05-23 11:25:38 AM INFO Master status: binlog: server3.000002, position:1016
2012-05-23 11:25:56 AM INFO Master status: binlog: server3.000002, position:1016
2012-05-23 11:26:14 AM INFO Master status: binlog: server3.000002, position:1016
2012-05-23 11:26:32 AM INFO Master status: binlog: server3.000002, position:1016
2012-05-23 11:26:50 AM INFO Master status: binlog: server3.000002, position:1016
2012-05-23 11:27:08 AM INFO Master status: binlog: server3.000002, position:1016
2012-05-23 11:27:27 AM INFO Master status: binlog: server3.000002, position:1016
2012-05-23 11:27:45 AM INFO Master status: binlog: server3.000002, position:1016
2012-05-23 11:28:03 AM INFO Master status: binlog: server3.000002, position:1016
2012-05-23 11:28:21 AM INFO Master status: binlog: server3.000002, position:1016
2012-05-23 11:28:39 AM INFO Master status: binlog: server3.000002, position:1016
2012-05-23 11:28:57 AM INFO Master status: binlog: server3.000002, position:1016
2012-05-23 11:29:15 AM INFO Master status: binlog: server3.000002, position:1016
2012-05-23 11:29:33 AM INFO Master status: binlog: server3.000002, position:1016
2012-05-23 11:29:51 AM INFO Master status: binlog: server3.000002, position:1016
2012-05-23 11:30:09 AM INFO Master status: binlog: server3.000002, position:1016
2012-05-23 11:30:27 AM INFO Master status: binlog: server3.000002, position:1016
2012-05-23 11:30:45 AM INFO Master status: binlog: server3.000002, position:3113
2012-05-23 11:31:03 AM INFO Master status: binlog: server3.000002, position:5382
2012-05-23 11:31:21 AM INFO Master status: binlog: server3.000002, position:5526
2012-05-23 11:31:40 AM INFO Master status: binlog: server3.000002, position:5526
2012-05-23 11:31:58 AM INFO Master status: binlog: server3.000002, position:5669
2012-05-23 11:32:16 AM INFO Master status: binlog: server3.000002, position:5669
2012-05-23 11:32:34 AM INFO Master status: binlog: server3.000002, position:5669
2012-05-23 11:32:52 AM INFO Master status: binlog: server3.000002, position:5669
2012-05-23 11:33:10 AM INFO Master status: binlog: server3.000002, position:5669
2012-05-23 11:33:28 AM INFO Master status: binlog: server3.000002, position:5669
2012-05-23 11:33:46 AM INFO Master status: binlog: server3.000002, position:5669
2012-05-23 11:34:04 AM INFO Master status: binlog: server3.000002, position:5669
2012-05-23 11:34:22 AM INFO Master status: binlog: server3.000002, position:5669
2012-05-23 11:34:40 AM INFO Master status: binlog: server3.000002, position:5669
2012-05-23 11:34:58 AM INFO Master status: binlog: server3.000002, position:5669
2012-05-23 11:35:16 AM INFO Master status: binlog: server3.000002, position:5669
2012-05-23 11:35:34 AM INFO Master status: binlog: server3.000002, position:5669
2012-05-23 11:35:53 AM INFO Master status: binlog: server3.000002, position:5669
2012-05-23 11:36:11 AM INFO Master status: binlog: server3.000002, position:5669
2012-05-23 11:36:29 AM INFO Master status: binlog: server3.000002, position:5669
2012-05-23 11:36:47 AM INFO Master status: binlog: server3.000002, position:5669
2012-05-23 11:37:05 AM INFO Master status: binlog: server3.000002, position:5669
2012-05-23 11:37:23 AM INFO Master status: binlog: server3.000002, position:5669
2012-05-23 11:37:41 AM INFO Master status: binlog: server3.000002, position:5669
2012-05-23 11:37:59 AM INFO Master status: binlog: server3.000002, position:5669
2012-05-23 11:38:17 AM INFO Master status: binlog: server3.000002, position:5669
2012-05-23 11:38:35 AM INFO Master status: binlog: server3.000002, position:5669
2012-05-23 11:38:53 AM INFO Master status: binlog: server3.000002, position:5669
2012-05-23 11:39:11 AM INFO Master status: binlog: server3.000002, position:5669
2012-05-23 11:39:29 AM INFO Master status: binlog: server3.000002, position:5669
2012-05-23 11:39:48 AM INFO Master status: binlog: server3.000002, position:5669
2012-05-23 11:40:06 AM INFO Master status: binlog: server3.000002, position:5669
2012-05-23 11:40:24 AM INFO Master status: binlog: server3.000002, position:5669
2012-05-23 11:40:42 AM INFO Master status: binlog: server3.000002, position:5669
2012-05-23 11:41:00 AM INFO Master status: binlog: server3.000002, position:5669
2012-05-23 11:41:18 AM INFO Master status: binlog: server3.000002, position:5669
2012-05-23 11:41:36 AM INFO Master status: binlog: server3.000002, position:5669
2012-05-23 11:41:54 AM INFO Master status: binlog: server3.000002, position:5669
2012-05-23 11:42:12 AM INFO Master status: binlog: server3.000002, position:10946
2012-05-23 11:42:30 AM INFO Master status: binlog: server3.000002, position:10946
2012-05-23 11:42:48 AM INFO Master status: binlog: server3.000002, position:10946
2012-05-23 11:43:06 AM INFO Master status: binlog: server3.000002, position:11093
2012-05-23 11:43:25 AM INFO Master status: binlog: server3.000002, position:11359
2012-05-23 11:43:43 AM INFO Master status: binlog: server3.000002, position:11359
2012-05-23 11:44:01 AM INFO Master status: binlog: server3.000002, position:11359
2012-05-23 11:44:19 AM INFO Master status: binlog: server3.000002, position:11359
2012-05-23 11:44:37 AM INFO Master status: binlog: server3.000002, position:11359
2012-05-23 11:44:55 AM INFO Master status: binlog: server3.000002, position:11359
2012-05-23 11:45:13 AM INFO Master status: binlog: server3.000002, position:11359
2012-05-23 11:45:24 AM INFO Master status: binlog: server3.000002, position:11359
2012-05-23 11:45:31 AM INFO Master status: binlog: server3.000002, position:11359
2012-05-23 11:45:49 AM INFO Master status: binlog: server3.000002, position:11359
2012-05-23 11:46:07 AM INFO Master status: binlog: server3.000002, position:11359
2012-05-23 11:46:25 AM INFO Master status: binlog: server3.000002, position:11359
2012-05-23 11:46:43 AM INFO Master status: binlog: server3.000002, position:11359
2012-05-23 11:47:01 AM INFO Master status: binlog: server3.000002, position:11359
2012-05-23 11:47:19 AM INFO Master status: binlog: server3.000002, position:11359
2012-05-23 11:50:46 AM INFO Checking privileges.
2012-05-23 11:50:46 AM INFO Registering instance on master.
2012-05-23 11:50:46 AM INFO Failover console started.
2012-05-23 11:50:46 AM INFO Failover mode = auto.
2012-05-23 11:50:49 AM INFO Getting health for master: localhost:3308.
2012-05-23 11:50:49 AM INFO Master status: binlog: server3.000002, position:11997
2012-05-23 11:50:57 AM INFO Master status: binlog: server3.000002, position:11997
2012-05-23 11:50:59 AM INFO Master status: binlog: server3.000002, position:11997
2012-05-23 11:51:07 AM INFO Master status: binlog: server3.000002, position:11997
2012-05-23 11:51:25 AM INFO Master status: binlog: server3.000002, position:11997
2012-05-23 11:51:30 AM INFO Master status: binlog: server3.000002, position:11997
2012-05-23 11:51:30 AM INFO Master status: binlog: server3.000002, position:11997
2012-05-23 11:51:31 AM INFO Master status: binlog: server3.000002, position:11997
2012-05-23 11:51:31 AM INFO Master status: binlog: server3.000002, position:11997
2012-05-23 11:51:31 AM INFO Master status: binlog: server3.000002, position:11997
2012-05-23 11:51:32 AM INFO Master status: binlog: server3.000002, position:11997
2012-05-23 11:51:43 AM INFO Master status: binlog: server3.000002, position:11997
2012-05-23 11:51:45 AM INFO Unregistering instance on master.
2012-05-23 11:51:45 AM INFO Failover console stopped.
2012-05-23 11:51:48 AM INFO Checking privileges.
2012-05-23 11:51:48 AM INFO Registering instance on master.
2012-05-23 11:51:48 AM INFO Failover console started.
2012-05-23 11:51:48 AM INFO Failover mode = auto.
2012-05-23 11:51:51 AM INFO Getting health for master: localhost:3308.
2012-05-23 11:51:51 AM INFO Master status: binlog: server3.000002, position:12922
2012-05-23 11:51:52 AM INFO Master status: binlog: server3.000002, position:12922
2012-05-23 11:52:09 AM INFO Master status: binlog: server3.000002, position:12922
2012-05-23 11:52:27 AM INFO Master status: binlog: server3.000002, position:12922
2012-05-23 11:52:45 AM INFO Master status: binlog: server3.000002, position:12922
2012-05-23 11:53:03 AM INFO Master status: binlog: server3.000002, position:12922
2012-05-23 11:53:22 AM INFO Master status: binlog: server3.000002, position:12922
2012-05-23 11:53:40 AM INFO Master status: binlog: server3.000002, position:12922
2012-05-23 11:53:54 AM INFO Master status: binlog: server3.000002, position:12922
2012-05-23 11:53:58 AM INFO Master status: binlog: server3.000002, position:12922
2012-05-23 11:53:58 AM INFO Master status: binlog: server3.000002, position:12922
2012-05-23 11:53:59 AM INFO Master status: binlog: server3.000002, position:12922
2012-05-23 11:54:00 AM INFO Master status: binlog: server3.000002, position:12922
2012-05-23 11:54:00 AM INFO Master status: binlog: server3.000002, position:12922
2012-05-23 11:54:01 AM INFO Master status: binlog: server3.000002, position:12922
2012-05-23 11:54:02 AM INFO Master status: binlog: server3.000002, position:12922
2012-05-23 11:54:02 AM INFO Master status: binlog: server3.000002, position:12922
2012-05-23 11:54:03 AM INFO Master status: binlog: server3.000002, position:12922
2012-05-23 11:54:04 AM INFO Master status: binlog: server3.000002, position:12922
2012-05-23 11:54:16 AM INFO Master status: binlog: server3.000002, position:12922
2012-05-23 11:54:34 AM INFO Master status: binlog: server3.000002, position:12922
2012-05-23 11:54:52 AM INFO Master status: binlog: server3.000002, position:12922
2012-05-23 11:55:10 AM INFO Master status: binlog: server3.000002, position:12922
2012-05-23 11:55:28 AM INFO Master status: binlog: server3.000002, position:12922
2012-05-23 11:55:46 AM INFO Master status: binlog: server3.000002, position:12922
2012-05-23 11:56:04 AM INFO Master status: binlog: server3.000002, position:12922
2012-05-23 11:56:23 AM INFO Master status: binlog: server3.000002, position:12922
2012-05-23 11:56:41 AM INFO Master status: binlog: server3.000002, position:12922
2012-05-23 11:56:59 AM INFO Master status: binlog: server3.000002, position:12922
2012-05-23 11:57:17 AM INFO Master status: binlog: server3.000002, position:12922
2012-05-23 11:57:35 AM INFO Master status: binlog: server3.000002, position:12922
2012-05-23 11:57:53 AM INFO Master status: binlog: server3.000002, position:12922
2012-05-23 11:58:11 AM INFO Master status: binlog: server3.000002, position:12922
2012-05-23 11:58:29 AM INFO Master status: binlog: server3.000002, position:12922
2012-05-23 11:58:47 AM INFO Master status: binlog: server3.000002, position:12922
2012-05-23 11:59:05 AM INFO Master status: binlog: server3.000002, position:12922
2012-05-23 11:59:09 AM INFO Master status: binlog: server3.000002, position:12922
2012-05-23 11:59:09 AM INFO Master status: binlog: server3.000002, position:12922
2012-05-23 11:59:10 AM INFO Master status: binlog: server3.000002, position:12922
2012-05-23 11:59:10 AM INFO Master status: binlog: server3.000002, position:12922
2012-05-23 11:59:11 AM INFO Master status: binlog: server3.000002, position:12922
2012-05-23 11:59:12 AM INFO Master status: binlog: server3.000002, position:12922
2012-05-23 11:59:12 AM INFO Master status: binlog: server3.000002, position:12922
2012-05-23 11:59:12 AM INFO Master status: binlog: server3.000002, position:12922
2012-05-23 11:59:12 AM INFO Master status: binlog: server3.000002, position:12922
2012-05-23 11:59:12 AM INFO Master status: binlog: server3.000002, position:12922
2012-05-23 11:59:14 AM INFO Master status: binlog: server3.000002, position:12922
2012-05-23 11:59:16 AM INFO Master status: binlog: server3.000002, position:12922
2012-05-23 11:59:23 AM INFO Master status: binlog: server3.000002, position:12922
2012-05-23 11:59:42 AM INFO Master status: binlog: server3.000002, position:12922
2012-05-23 12:00:00 PM INFO Master status: binlog: server3.000002, position:12922
2012-05-23 12:00:18 PM INFO Master status: binlog: server3.000002, position:12922
2012-05-23 12:00:36 PM INFO Master status: binlog: server3.000002, position:12922
2012-05-23 12:00:54 PM INFO Master status: binlog: server3.000002, position:12922
2012-05-23 12:01:12 PM INFO Master status: binlog: server3.000002, position:12922
2012-05-23 12:01:30 PM INFO Master status: binlog: server3.000002, position:12922
2012-05-23 12:01:48 PM INFO Master status: binlog: server3.000002, position:12922
2012-05-23 12:02:06 PM INFO Master status: binlog: server3.000002, position:12922
2012-05-23 12:02:25 PM INFO Master status: binlog: server3.000002, position:12922
2012-05-23 12:02:43 PM INFO Master status: binlog: server3.000002, position:12922
2012-05-23 12:03:01 PM INFO Master status: binlog: server3.000002, position:12922
2012-05-23 12:03:19 PM INFO Master status: binlog: server3.000002, position:12922
2012-05-23 12:03:37 PM INFO Master status: binlog: server3.000002, position:12922
2012-05-23 12:03:55 PM INFO Master status: binlog: server3.000002, position:12922
2012-05-23 12:04:13 PM INFO Master status: binlog: server3.000002, position:12922
2012-05-23 12:04:31 PM INFO Master status: binlog: server3.000002, position:12922
2012-05-23 12:04:49 PM INFO Master status: binlog: server3.000002, position:12922
2012-05-23 12:05:07 PM INFO Master status: binlog: server3.000002, position:12922
2012-05-23 12:05:25 PM INFO Master status: binlog: server3.000002, position:12922
2012-05-23 12:05:43 PM INFO Master status: binlog: server3.000002, position:12922
2012-05-23 12:06:01 PM INFO Master status: binlog: server3.000002, position:12922
2012-05-23 12:06:19 PM INFO Master status: binlog: server3.000002, position:12922
2012-05-23 12:06:38 PM INFO Master status: binlog: server3.000002, position:12922
2012-05-23 12:06:56 PM INFO Master status: binlog: server3.000002, position:12922
2012-05-23 12:07:14 PM INFO Master status: binlog: server3.000002, position:12922
2012-05-23 12:07:32 PM INFO Master status: binlog: server3.000002, position:12922
2012-05-23 12:07:50 PM INFO Master status: binlog: server3.000002, position:12922
2012-05-23 12:08:08 PM INFO Master status: binlog: server3.000002, position:12922
2012-05-23 12:08:26 PM INFO Master status: binlog: server3.000002, position:12922
2012-05-23 12:08:44 PM INFO Master status: binlog: server3.000002, position:12922
2012-05-23 12:09:02 PM INFO Master status: binlog: server3.000002, position:12922
2012-05-23 12:09:20 PM INFO Master status: binlog: server3.000002, position:12922
2012-05-23 12:09:38 PM INFO Master status: binlog: server3.000002, position:12922
2012-05-23 12:09:56 PM INFO Master status: binlog: server3.000002, position:12922
2012-05-23 12:10:14 PM INFO Master status: binlog: server3.000002, position:12922
2012-05-23 12:10:32 PM INFO Master status: binlog: server3.000002, position:12922
2012-05-23 12:10:50 PM INFO Master status: binlog: server3.000002, position:12922
2012-05-23 12:11:08 PM INFO Master status: binlog: server3.000002, position:12922
2012-05-23 12:11:26 PM INFO Master status: binlog: server3.000002, position:12922
2012-05-23 12:11:45 PM INFO Master status: binlog: server3.000002, position:12922
2012-05-23 12:12:03 PM INFO Master status: binlog: server3.000002, position:12922
2012-05-23 12:12:21 PM INFO Master status: binlog: server3.000002, position:12922
2012-05-23 12:12:39 PM INFO Master status: binlog: server3.000002, position:12922
2012-05-23 12:12:57 PM INFO Master status: binlog: server3.000002, position:12922
2012-05-23 12:13:15 PM INFO Master status: binlog: server3.000002, position:12922
2012-05-23 12:13:33 PM INFO Master status: binlog: server3.000002, position:12922
2012-05-23 12:13:51 PM INFO Master status: binlog: server3.000002, position:12922
2012-05-23 12:14:09 PM INFO Master status: binlog: server3.000002, position:12922
2012-05-23 12:14:27 PM INFO Master status: binlog: server3.000002, position:12922
2012-05-23 12:14:45 PM INFO Master status: binlog: server3.000002, position:12922
2012-05-23 12:15:03 PM INFO Master status: binlog: server3.000002, position:12922
2012-05-23 12:15:22 PM INFO Master status: binlog: server3.000002, position:12922
2012-05-23 12:15:40 PM INFO Master status: binlog: server3.000002, position:12922
2012-05-23 12:15:58 PM INFO Master status: binlog: server3.000002, position:12922
2012-05-23 12:16:16 PM INFO Master status: binlog: server3.000002, position:12922
2012-05-23 12:16:34 PM INFO Master status: binlog: server3.000002, position:12922
2012-05-23 12:16:52 PM INFO Master status: binlog: server3.000002, position:12922
2012-05-23 12:17:10 PM INFO Master status: binlog: server3.000002, position:12922
2012-05-23 12:17:28 PM INFO Master status: binlog: server3.000002, position:12922
2012-05-23 12:17:46 PM INFO Master status: binlog: server3.000002, position:12922
2012-05-23 12:18:04 PM INFO Master status: binlog: server3.000002, position:12922
2012-05-23 12:18:22 PM INFO Master status: binlog: server3.000002, position:12922
2012-05-23 12:18:41 PM INFO Master status: binlog: server3.000002, position:12922
2012-05-23 12:18:59 PM INFO Master status: binlog: server3.000002, position:12922
2012-05-23 12:19:17 PM INFO Master status: binlog: server3.000002, position:12922
2012-05-23 12:19:35 PM INFO Master status: binlog: server3.000002, position:12922
2012-05-23 12:19:53 PM INFO Master status: binlog: server3.000002, position:12922
2012-05-23 12:20:11 PM INFO Master status: binlog: server3.000002, position:12922
2012-05-23 12:20:29 PM INFO Master status: binlog: server3.000002, position:12922
2012-05-23 12:20:47 PM INFO Master status: binlog: server3.000002, position:12922
2012-05-23 12:21:05 PM INFO Master status: binlog: server3.000002, position:12922
2012-05-23 12:21:23 PM INFO Master status: binlog: server3.000002, position:12922
2012-05-23 12:21:41 PM INFO Master status: binlog: server3.000002, position:12922
2012-05-23 12:21:59 PM INFO Master status: binlog: server3.000002, position:12922
2012-05-23 12:22:17 PM INFO Master status: binlog: server3.000002, position:12922
2012-05-23 12:22:36 PM INFO Master status: binlog: server3.000002, position:12922
2012-05-23 12:22:54 PM INFO Master status: binlog: server3.000002, position:12922
2012-05-23 12:23:12 PM INFO Master status: binlog: server3.000002, position:12922
2012-05-23 12:23:30 PM INFO Master status: binlog: server3.000002, position:12922
2012-05-23 12:23:48 PM INFO Master status: binlog: server3.000002, position:12922
2012-05-23 12:24:06 PM INFO Master status: binlog: server3.000002, position:12922
2012-05-23 12:24:24 PM INFO Master status: binlog: server3.000002, position:12922
2012-05-23 12:24:42 PM INFO Master status: binlog: server3.000002, position:12922
2012-05-23 12:25:00 PM INFO Master status: binlog: server3.000002, position:12922
2012-05-23 12:25:18 PM INFO Master status: binlog: server3.000002, position:12922
2012-05-23 12:25:36 PM INFO Master status: binlog: server3.000002, position:12922
2012-05-23 12:25:54 PM INFO Master status: binlog: server3.000002, position:12922
2012-05-23 12:26:12 PM INFO Master status: binlog: server3.000002, position:12922
2012-05-23 12:26:30 PM INFO Master status: binlog: server3.000002, position:12922
2012-05-23 12:26:49 PM INFO Master status: binlog: server3.000002, position:12922
2012-05-23 12:27:07 PM INFO Master status: binlog: server3.000002, position:12922
2012-05-23 12:27:25 PM INFO Master status: binlog: server3.000002, position:12922
2012-05-23 12:27:43 PM INFO Master status: binlog: server3.000002, position:12922
2012-05-23 12:28:01 PM INFO Master status: binlog: server3.000002, position:12922
2012-05-23 12:28:19 PM INFO Master status: binlog: server3.000002, position:12922
2012-05-23 12:28:37 PM INFO Master status: binlog: server3.000002, position:12922
2012-05-23 12:28:55 PM INFO Master status: binlog: server3.000002, position:12922
2012-05-23 12:29:13 PM INFO Master status: binlog: server3.000002, position:12922
2012-05-23 12:29:31 PM INFO Master status: binlog: server3.000002, position:12922
2012-05-23 12:29:49 PM INFO Master status: binlog: server3.000002, position:12922
2012-05-23 12:30:07 PM INFO Master status: binlog: server3.000002, position:12922
2012-05-23 12:30:26 PM INFO Master status: binlog: server3.000002, position:12922
2012-05-23 12:30:44 PM INFO Master status: binlog: server3.000002, position:12922
2012-05-23 12:31:02 PM INFO Master status: binlog: server3.000002, position:12922
2012-05-23 12:31:20 PM INFO Master status: binlog: server3.000002, position:12922
2012-05-23 12:31:38 PM INFO Master status: binlog: server3.000002, position:12922
2012-05-23 12:31:56 PM INFO Master status: binlog: server3.000002, position:12922
2012-05-23 12:32:14 PM INFO Master status: binlog: server3.000002, position:12922
2012-05-23 12:32:32 PM INFO Master status: binlog: server3.000002, position:12922
2012-05-23 12:32:50 PM INFO Master status: binlog: server3.000002, position:12922
2012-05-23 12:33:08 PM INFO Master status: binlog: server3.000002, position:12922
2012-05-23 12:33:26 PM INFO Master status: binlog: server3.000002, position:12922
2012-05-23 12:33:44 PM INFO Master status: binlog: server3.000002, position:12922
2012-05-23 12:34:02 PM INFO Master status: binlog: server3.000002, position:12922
2012-05-23 12:34:21 PM INFO Master status: binlog: server3.000002, position:12922
2012-05-23 12:34:39 PM INFO Master status: binlog: server3.000002, position:12922
2012-05-23 12:34:57 PM INFO Master status: binlog: server3.000002, position:12922
2012-05-23 12:35:15 PM INFO Master status: binlog: server3.000002, position:12922
2012-05-23 12:35:33 PM INFO Master status: binlog: server3.000002, position:12922
2012-05-23 12:35:51 PM INFO Master status: binlog: server3.000002, position:12922
2012-05-23 12:36:09 PM INFO Master status: binlog: server3.000002, position:12922
2012-05-23 12:36:27 PM INFO Master status: binlog: server3.000002, position:12922
2012-05-23 12:36:45 PM INFO Master status: binlog: server3.000002, position:12922
2012-05-23 12:37:03 PM INFO Master status: binlog: server3.000002, position:12922
2012-05-23 12:37:21 PM INFO Master status: binlog: server3.000002, position:12922
2012-05-23 12:37:40 PM INFO Master status: binlog: server3.000002, position:12922
2012-05-23 12:37:58 PM INFO Master status: binlog: server3.000002, position:12922
2012-05-23 12:38:16 PM INFO Master status: binlog: server3.000002, position:12922
2012-05-23 12:38:34 PM INFO Master status: binlog: server3.000002, position:12922
2012-05-23 12:38:52 PM INFO Master status: binlog: server3.000002, position:12922
2012-05-23 12:39:10 PM INFO Master status: binlog: server3.000002, position:12922
2012-05-23 12:39:28 PM INFO Master status: binlog: server3.000002, position:12922
2012-05-23 12:39:46 PM INFO Master status: binlog: server3.000002, position:12922
2012-05-23 12:40:04 PM INFO Master status: binlog: server3.000002, position:12922
2012-05-23 12:40:22 PM INFO Master status: binlog: server3.000002, position:12922
2012-05-23 12:40:40 PM INFO Master status: binlog: server3.000002, position:12922
2012-05-23 12:40:58 PM INFO Master status: binlog: server3.000002, position:12922
2012-05-23 12:41:16 PM INFO Master status: binlog: server3.000002, position:12922
2012-05-23 12:41:35 PM INFO Master status: binlog: server3.000002, position:12922
2012-05-23 12:41:53 PM INFO Master status: binlog: server3.000002, position:12922
2012-05-23 12:42:11 PM INFO Master status: binlog: server3.000002, position:12922
2012-05-23 12:42:29 PM INFO Master status: binlog: server3.000002, position:12922
2012-05-23 12:42:47 PM INFO Master status: binlog: server3.000002, position:12922
2012-05-23 12:43:05 PM INFO Master status: binlog: server3.000002, position:12922
2012-05-23 12:43:23 PM INFO Master status: binlog: server3.000002, position:12922
2012-05-23 12:43:41 PM INFO Master status: binlog: server3.000002, position:12922
2012-05-23 12:43:59 PM INFO Master status: binlog: server3.000002, position:12922
2012-05-23 12:44:17 PM INFO Master status: binlog: server3.000002, position:12922
2012-05-23 12:44:35 PM INFO Master status: binlog: server3.000002, position:12922
2012-05-23 12:44:53 PM INFO Master status: binlog: server3.000002, position:12922
2012-05-23 12:45:11 PM INFO Master status: binlog: server3.000002, position:12922
2012-05-23 12:45:29 PM INFO Master status: binlog: server3.000002, position:12922
2012-05-23 12:45:48 PM INFO Master status: binlog: server3.000002, position:12922
2012-05-23 12:46:06 PM INFO Master status: binlog: server3.000002, position:12922
2012-05-23 12:46:24 PM INFO Master status: binlog: server3.000002, position:12922
2012-05-23 12:46:42 PM INFO Master status: binlog: server3.000002, position:12922
2012-05-23 12:47:00 PM INFO Master status: binlog: server3.000002, position:12922
2012-05-23 12:47:18 PM INFO Master status: binlog: server3.000002, position:12922
2012-05-23 12:47:36 PM INFO Master status: binlog: server3.000002, position:12922
2012-05-23 12:47:54 PM INFO Master status: binlog: server3.000002, position:12922
2012-05-23 12:48:12 PM INFO Master status: binlog: server3.000002, position:12922
2012-05-23 12:48:30 PM INFO Master status: binlog: server3.000002, position:12922
2012-05-23 12:48:48 PM INFO Master status: binlog: server3.000002, position:12922
2012-05-23 12:49:06 PM INFO Master status: binlog: server3.000002, position:12922
2012-05-23 12:49:24 PM INFO Master status: binlog: server3.000002, position:12922
2012-05-23 12:49:43 PM INFO Master status: binlog: server3.000002, position:12922
2012-05-23 12:50:01 PM INFO Master status: binlog: server3.000002, position:12922
2012-05-23 12:50:19 PM INFO Master status: binlog: server3.000002, position:12922
2012-05-23 12:50:37 PM INFO Master status: binlog: server3.000002, position:12922
2012-05-23 12:50:55 PM INFO Master status: binlog: server3.000002, position:12922
2012-05-23 12:51:13 PM INFO Master status: binlog: server3.000002, position:12922
2012-05-23 12:51:31 PM INFO Master status: binlog: server3.000002, position:12922
2012-05-23 12:51:49 PM INFO Master status: binlog: server3.000002, position:12922
2012-05-23 12:52:07 PM INFO Master status: binlog: server3.000002, position:12922
2012-05-23 12:52:25 PM INFO Master status: binlog: server3.000002, position:12922
2012-05-23 12:52:43 PM INFO Master status: binlog: server3.000002, position:12922
2012-05-23 12:53:01 PM INFO Master status: binlog: server3.000002, position:12922
2012-05-23 12:53:19 PM INFO Master status: binlog: server3.000002, position:12922
2012-05-23 12:53:37 PM INFO Master status: binlog: server3.000002, position:12922
2012-05-23 12:53:56 PM INFO Master status: binlog: server3.000002, position:12922
2012-05-23 12:54:14 PM INFO Master status: binlog: server3.000002, position:12922
2012-05-23 12:54:32 PM INFO Master status: binlog: server3.000002, position:12922
2012-05-23 12:54:50 PM INFO Master status: binlog: server3.000002, position:12922
2012-05-23 12:55:08 PM INFO Master status: binlog: server3.000002, position:12922
2012-05-23 12:55:26 PM INFO Master status: binlog: server3.000002, position:12922
2012-05-23 12:55:44 PM INFO Master status: binlog: server3.000002, position:12922
2012-05-23 12:56:02 PM INFO Master status: binlog: server3.000002, position:12922
2012-05-23 12:56:20 PM INFO Master status: binlog: server3.000002, position:12922
2012-05-23 12:56:38 PM INFO Master status: binlog: server3.000002, position:12922
2012-05-23 12:56:56 PM INFO Master status: binlog: server3.000002, position:12922
2012-05-23 12:57:14 PM INFO Master status: binlog: server3.000002, position:12922
2012-05-23 12:57:32 PM INFO Master status: binlog: server3.000002, position:12922
2012-05-23 12:57:50 PM INFO Master status: binlog: server3.000002, position:12922
2012-05-23 12:58:08 PM INFO Master status: binlog: server3.000002, position:12922
2012-05-23 12:58:26 PM INFO Master status: binlog: server3.000002, position:12922
2012-05-23 12:58:45 PM INFO Master status: binlog: server3.000002, position:12922
2012-05-23 12:59:03 PM INFO Master status: binlog: server3.000002, position:12922
2012-05-23 12:59:21 PM INFO Master status: binlog: server3.000002, position:12922
2012-05-23 12:59:39 PM INFO Master status: binlog: server3.000002, position:12922
2012-05-23 12:59:57 PM INFO Master status: binlog: server3.000002, position:12922
2012-05-23 13:00:15 PM INFO Master status: binlog: server3.000002, position:12922
2012-05-23 13:00:33 PM INFO Master status: binlog: server3.000002, position:12922
2012-05-23 13:00:51 PM INFO Master status: binlog: server3.000002, position:12922
2012-05-23 13:01:09 PM INFO Master status: binlog: server3.000002, position:12922
2012-05-23 13:01:27 PM INFO Master status: binlog: server3.000002, position:12922
2012-05-23 13:01:45 PM INFO Master status: binlog: server3.000002, position:12922
2012-05-23 13:02:03 PM INFO Master status: binlog: server3.000002, position:12922
2012-05-23 13:02:21 PM INFO Master status: binlog: server3.000002, position:12922
2012-05-23 13:02:39 PM INFO Master status: binlog: server3.000002, position:12922
2012-05-23 13:02:58 PM INFO Master status: binlog: server3.000002, position:12922
2012-05-23 13:03:16 PM INFO Master status: binlog: server3.000002, position:12922
2012-05-23 13:03:34 PM INFO Master status: binlog: server3.000002, position:12922
2012-05-23 13:03:52 PM INFO Master status: binlog: server3.000002, position:12922
2012-05-23 13:04:10 PM INFO Master status: binlog: server3.000002, position:12922
2012-05-23 13:04:28 PM INFO Master status: binlog: server3.000002, position:12922
2012-05-23 13:04:46 PM INFO Master status: binlog: server3.000002, position:12922
2012-05-23 13:05:04 PM INFO Master status: binlog: server3.000002, position:12922
2012-05-23 13:05:22 PM INFO Master status: binlog: server3.000002, position:12922
2012-05-23 13:05:40 PM INFO Master status: binlog: server3.000002, position:12922
2012-05-23 13:05:58 PM INFO Master status: binlog: server3.000002, position:12922
2012-05-23 13:06:16 PM INFO Master status: binlog: server3.000002, position:12922
2012-05-23 13:06:34 PM INFO Master status: binlog: server3.000002, position:12922
2012-05-23 13:06:52 PM INFO Master status: binlog: server3.000002, position:12922
2012-05-23 13:07:11 PM INFO Master status: binlog: server3.000002, position:12922
2012-05-23 13:07:29 PM INFO Master status: binlog: server3.000002, position:12922
2012-05-23 13:07:47 PM INFO Master status: binlog: server3.000002, position:12922
2012-05-23 13:08:05 PM INFO Master status: binlog: server3.000002, position:12922
2012-05-23 13:08:23 PM INFO Master status: binlog: server3.000002, position:12922
2012-05-23 13:08:41 PM INFO Master status: binlog: server3.000002, position:12922
2012-05-23 13:08:59 PM INFO Master status: binlog: server3.000002, position:12922
2012-05-23 13:09:17 PM INFO Master status: binlog: server3.000002, position:12922
2012-05-23 13:09:35 PM INFO Master status: binlog: server3.000002, position:12922
2012-05-23 13:09:53 PM INFO Master status: binlog: server3.000002, position:12922
2012-05-23 13:10:11 PM INFO Master status: binlog: server3.000002, position:12922
2012-05-23 13:10:29 PM INFO Master status: binlog: server3.000002, position:12922
2012-05-23 13:10:47 PM INFO Master status: binlog: server3.000002, position:12922
2012-05-23 13:11:06 PM INFO Master status: binlog: server3.000002, position:12922
2012-05-23 13:11:24 PM INFO Master status: binlog: server3.000002, position:12922
2012-05-23 13:11:42 PM INFO Master status: binlog: server3.000002, position:12922
2012-05-23 13:12:00 PM INFO Master status: binlog: server3.000002, position:12922
2012-05-23 13:12:18 PM INFO Master status: binlog: server3.000002, position:12922
2012-05-23 13:12:36 PM INFO Master status: binlog: server3.000002, position:12922
2012-05-23 13:12:54 PM INFO Master status: binlog: server3.000002, position:12922
2012-05-23 13:13:12 PM INFO Master status: binlog: server3.000002, position:12922
2012-05-23 13:13:30 PM INFO Master status: binlog: server3.000002, position:12922
2012-05-23 13:13:48 PM INFO Master status: binlog: server3.000002, position:12922
2012-05-23 13:14:06 PM INFO Master status: binlog: server3.000002, position:12922
2012-05-23 13:14:24 PM INFO Master status: binlog: server3.000002, position:12922
2012-05-23 13:14:42 PM INFO Master status: binlog: server3.000002, position:12922
2012-05-23 13:15:00 PM INFO Master status: binlog: server3.000002, position:12922
2012-05-23 13:15:18 PM INFO Master status: binlog: server3.000002, position:12922
2012-05-23 13:15:37 PM INFO Master status: binlog: server3.000002, position:12922
2012-05-23 13:15:55 PM INFO Master status: binlog: server3.000002, position:12922
2012-05-23 13:16:13 PM INFO Master status: binlog: server3.000002, position:12922
2012-05-23 13:16:31 PM INFO Master status: binlog: server3.000002, position:12922
2012-05-23 13:16:49 PM INFO Master status: binlog: server3.000002, position:12922
2012-05-23 13:17:07 PM INFO Master status: binlog: server3.000002, position:12922
2012-05-23 13:17:25 PM INFO Master status: binlog: server3.000002, position:12922
2012-05-23 13:17:43 PM INFO Master status: binlog: server3.000002, position:12922
2012-05-23 13:18:01 PM INFO Master status: binlog: server3.000002, position:12922
2012-05-23 13:18:19 PM INFO Master status: binlog: server3.000002, position:12922
2012-05-23 13:18:37 PM INFO Master status: binlog: server3.000002, position:12922
2012-05-23 13:18:55 PM INFO Master status: binlog: server3.000002, position:12922
2012-05-23 13:19:13 PM INFO Master status: binlog: server3.000002, position:12922
2012-05-23 13:19:32 PM INFO Master status: binlog: server3.000002, position:12922
2012-05-23 13:19:50 PM INFO Master status: binlog: server3.000002, position:12922
2012-05-23 13:20:08 PM INFO Master status: binlog: server3.000002, position:12922
2012-05-23 13:20:26 PM INFO Master status: binlog: server3.000002, position:12922
2012-05-23 13:20:44 PM INFO Master status: binlog: server3.000002, position:12922
2012-05-23 13:21:02 PM INFO Master status: binlog: server3.000002, position:12922
2012-05-23 13:21:20 PM INFO Master status: binlog: server3.000002, position:12922
2012-05-23 13:21:38 PM INFO Master status: binlog: server3.000002, position:12922
2012-05-23 13:21:56 PM INFO Master status: binlog: server3.000002, position:12922
2012-05-23 13:22:14 PM INFO Master status: binlog: server3.000002, position:12922
2012-05-23 13:22:32 PM INFO Master status: binlog: server3.000002, position:12922
2012-05-23 13:22:51 PM INFO Master status: binlog: server3.000002, position:12922
2012-05-23 13:23:09 PM INFO Master status: binlog: server3.000002, position:12922
2012-05-23 13:23:27 PM INFO Master status: binlog: server3.000002, position:12922
2012-05-23 13:23:45 PM INFO Master status: binlog: server3.000002, position:12922
2012-05-23 13:24:03 PM INFO Master status: binlog: server3.000002, position:12922
2012-05-23 13:24:21 PM INFO Master status: binlog: server3.000002, position:12922
2012-05-23 13:24:39 PM INFO Master status: binlog: server3.000002, position:12922
2012-05-23 13:24:57 PM INFO Master status: binlog: server3.000002, position:12922
2012-05-23 13:25:15 PM INFO Master status: binlog: server3.000002, position:12922
2012-05-23 13:25:33 PM INFO Master status: binlog: server3.000002, position:12922
2012-05-23 13:25:51 PM INFO Master status: binlog: server3.000002, position:12922
2012-05-23 13:26:09 PM INFO Master status: binlog: server3.000002, position:12922
2012-05-23 13:26:27 PM INFO Master status: binlog: server3.000002, position:12922
2012-05-23 13:26:45 PM INFO Master status: binlog: server3.000002, position:12922
2012-05-23 13:27:04 PM INFO Master status: binlog: server3.000002, position:12922
2012-05-23 13:27:22 PM INFO Master status: binlog: server3.000002, position:12922
2012-05-23 13:27:40 PM INFO Master status: binlog: server3.000002, position:12922
2012-05-23 13:27:58 PM INFO Master status: binlog: server3.000002, position:12922
2012-05-23 13:28:16 PM INFO Master status: binlog: server3.000002, position:12922
2012-05-23 13:28:34 PM INFO Master status: binlog: server3.000002, position:12922
2012-05-23 13:28:52 PM INFO Master status: binlog: server3.000002, position:12922
2012-05-23 13:29:10 PM INFO Master status: binlog: server3.000002, position:12922
2012-05-23 13:29:28 PM INFO Master status: binlog: server3.000002, position:12922
2012-05-23 13:29:46 PM INFO Master status: binlog: server3.000002, position:12922
2012-05-23 13:30:04 PM INFO Master status: binlog: server3.000002, position:12922
2012-05-23 13:30:22 PM INFO Master status: binlog: server3.000002, position:12922
2012-05-23 13:30:41 PM INFO Master status: binlog: server3.000002, position:12922
2012-05-23 13:30:59 PM INFO Master status: binlog: server3.000002, position:12922
2012-05-23 13:31:17 PM INFO Master status: binlog: server3.000002, position:12922
2012-05-23 13:31:35 PM INFO Master status: binlog: server3.000002, position:12922
2012-05-23 13:31:53 PM INFO Master status: binlog: server3.000002, position:12922
2012-05-23 13:32:11 PM INFO Master status: binlog: server3.000002, position:12922
2012-05-23 13:32:29 PM INFO Master status: binlog: server3.000002, position:12922
2012-05-23 13:32:47 PM INFO Master status: binlog: server3.000002, position:12922
2012-05-23 13:33:06 PM INFO Master status: binlog: server3.000002, position:12922
2012-05-23 13:33:24 PM INFO Master status: binlog: server3.000002, position:12922
2012-05-23 13:33:42 PM INFO Master status: binlog: server3.000002, position:12922
2012-05-23 13:34:00 PM INFO Master status: binlog: server3.000002, position:12922
2012-05-23 13:34:18 PM INFO Master status: binlog: server3.000002, position:12922
2012-05-23 13:34:36 PM INFO Master status: binlog: server3.000002, position:12922
2012-05-23 13:34:54 PM INFO Master status: binlog: server3.000002, position:12922
2012-05-23 13:35:12 PM INFO Master status: binlog: server3.000002, position:12922
2012-05-23 13:35:30 PM INFO Master status: binlog: server3.000002, position:12922
2012-05-23 13:35:48 PM INFO Master status: binlog: server3.000002, position:12922
2012-05-23 13:36:07 PM INFO Master status: binlog: server3.000002, position:12922
2012-05-23 13:36:25 PM INFO Master status: binlog: server3.000002, position:12922
2012-05-23 13:36:43 PM INFO Master status: binlog: server3.000002, position:12922
2012-05-23 13:37:01 PM INFO Master status: binlog: server3.000002, position:12922
2012-05-23 13:37:19 PM INFO Master status: binlog: server3.000002, position:12922
2012-05-23 13:37:37 PM INFO Master status: binlog: server3.000002, position:12922
2012-05-23 13:37:55 PM INFO Master status: binlog: server3.000002, position:12922
2012-05-23 13:38:13 PM INFO Master status: binlog: server3.000002, position:12922
2012-05-23 13:38:31 PM INFO Master status: binlog: server3.000002, position:16118
2012-05-23 13:38:49 PM INFO Master status: binlog: server3.000002, position:18162
2012-05-23 13:39:08 PM INFO Master status: binlog: server3.000002, position:18162
2012-05-23 13:39:26 PM INFO Master status: binlog: server3.000002, position:18162
2012-05-23 13:39:44 PM INFO Master status: binlog: server3.000002, position:18162
2012-05-23 13:40:02 PM INFO Master status: binlog: server3.000002, position:18162
2012-05-23 13:40:20 PM INFO Master status: binlog: server3.000002, position:18162
2012-05-23 13:40:38 PM INFO Master status: binlog: server3.000002, position:19626
2012-05-23 13:40:57 PM INFO Master status: binlog: server3.000002, position:19626
2012-05-23 13:41:15 PM INFO Master status: binlog: server3.000002, position:21090
2012-05-23 13:41:33 PM INFO Master status: binlog: server3.000002, position:22554
2012-05-23 13:41:51 PM INFO Master status: binlog: server3.000002, position:24018
2012-05-23 13:42:09 PM INFO Master status: binlog: server3.000002, position:25482
2012-05-23 13:42:27 PM INFO Master status: binlog: server3.000002, position:25482
2012-05-23 13:42:45 PM INFO Master status: binlog: server3.000002, position:35682
2012-05-23 13:43:03 PM INFO Master status: binlog: server3.000002, position:72186
2012-05-23 13:43:22 PM INFO Master status: binlog: server3.000002, position:106194
2012-05-23 13:43:40 PM INFO Master status: binlog: server3.000002, position:118362
2012-05-23 13:43:58 PM INFO Master status: binlog: server3.000002, position:118362
2012-05-23 13:44:16 PM INFO Master status: binlog: server3.000002, position:118362
2012-05-23 13:44:34 PM INFO Master status: binlog: server3.000002, position:118362
2012-05-23 13:44:52 PM INFO Master status: binlog: server3.000002, position:118942
2012-05-23 13:45:10 PM INFO Master status: binlog: server3.000002, position:118942
2012-05-23 13:45:28 PM INFO Master status: binlog: server3.000002, position:124074
2012-05-23 13:45:47 PM INFO Master status: binlog: server3.000002, position:194586
2012-05-23 13:46:05 PM INFO Master status: binlog: server3.000002, position:258858
2012-05-23 13:46:23 PM INFO Master status: binlog: server3.000002, position:306906
2012-05-23 13:46:42 PM INFO Master status: binlog: server3.000002, position:358074
2012-05-23 13:47:01 PM INFO Master status: binlog: server3.000002, position:410178
2012-05-23 13:47:19 PM INFO Master status: binlog: server3.000002, position:458538
2012-05-23 13:47:37 PM INFO Master status: binlog: server3.000002, position:511266
2012-05-23 13:47:56 PM INFO Master status: binlog: server3.000002, position:566178
2012-05-23 13:48:14 PM INFO Master status: binlog: server3.000002, position:618906
2012-05-23 13:48:32 PM INFO Master status: binlog: server3.000002, position:676314
2012-05-23 13:48:51 PM INFO Master status: binlog: server3.000002, position:730914
2012-05-23 13:49:10 PM INFO Master status: binlog: server3.000002, position:781146
2012-05-23 13:49:28 PM INFO Master status: binlog: server3.000002, position:833250
2012-05-23 13:49:46 PM INFO Master status: binlog: server3.000002, position:888786
2012-05-23 13:50:05 PM INFO Master status: binlog: server3.000002, position:945258
2012-05-23 13:50:23 PM INFO Master status: binlog: server3.000002, position:995802
2012-05-23 13:50:38 PM INFO Master may be down. Waiting for 3 seconds.
2012-05-23 13:50:41 PM INFO Cannot reconnect to master.
2012-05-23 13:50:44 PM CRITICAL Master is confirmed to be down or unreachable.
2012-05-23 13:50:44 PM INFO Failover starting in 'auto' mode...
2012-05-23 13:50:44 PM CRITICAL No candidate found for failover.
2012-05-23 14:17:05 PM INFO Checking privileges.
2012-05-23 14:17:05 PM INFO Registering instance on master.
2012-05-23 14:17:05 PM INFO Failover console started.
2012-05-23 14:17:05 PM INFO Failover mode = auto.
2012-05-23 14:17:14 PM INFO Getting health for master: localhost:3308.
2012-05-23 14:17:15 PM INFO Master status: binlog: server3.000004, position:2320977
2012-05-23 14:17:28 PM INFO Master status: binlog: server3.000004, position:2346249
2012-05-23 14:17:46 PM INFO Master status: binlog: server3.000004, position:2346249
2012-05-23 14:17:50 PM INFO Master status: binlog: server3.000004, position:2346249
2012-05-23 14:17:59 PM INFO Master status: binlog: server3.000004, position:2346249
2012-05-23 14:18:04 PM INFO Master status: binlog: server3.000004, position:2346249
2012-05-23 14:18:08 PM INFO Master status: binlog: server3.000004, position:2346249
2012-05-23 14:18:12 PM INFO Getting health for master: localhost:3308.
2012-05-23 14:18:12 PM INFO Master status: binlog: server3.000004, position:2346249
2012-05-23 14:18:13 PM INFO Getting health for master: localhost:3308.
2012-05-23 14:18:13 PM INFO Master status: binlog: server3.000004, position:2346249
2012-05-23 14:18:22 PM INFO Master status: binlog: server3.000004, position:2346249
2012-05-23 14:18:41 PM INFO Master status: binlog: server3.000004, position:2346249
2012-05-23 14:18:59 PM INFO Master status: binlog: server3.000004, position:2346249
2012-05-23 14:19:17 PM INFO Master status: binlog: server3.000004, position:2346249
2012-05-23 14:19:35 PM INFO Master status: binlog: server3.000004, position:2397009
2012-05-23 14:19:54 PM INFO Master status: binlog: server3.000004, position:2444745
2012-05-23 14:20:13 PM INFO Master status: binlog: server3.000004, position:2480937
2012-05-23 14:20:31 PM INFO Master status: binlog: server3.000004, position:2480937
2012-05-23 14:20:49 PM INFO Master status: binlog: server3.000004, position:2480937
2012-05-23 14:21:07 PM INFO Master status: binlog: server3.000004, position:2480937
2012-05-23 14:21:25 PM INFO Master status: binlog: server3.000004, position:2480937
2012-05-23 14:21:43 PM INFO Master status: binlog: server3.000004, position:2480937
2012-05-23 14:22:01 PM INFO Master status: binlog: server3.000004, position:2480937
2012-05-23 14:22:19 PM INFO Master status: binlog: server3.000004, position:2480937
2012-05-23 14:22:37 PM INFO Master status: binlog: server3.000004, position:2480937
2012-05-23 14:22:55 PM INFO Master status: binlog: server3.000004, position:2480937
2012-05-23 14:23:13 PM INFO Master status: binlog: server3.000004, position:2480937
2012-05-23 14:23:31 PM INFO Master status: binlog: server3.000004, position:2480937
2012-05-23 14:23:50 PM INFO Master status: binlog: server3.000004, position:2480937
2012-05-23 14:24:08 PM INFO Master status: binlog: server3.000004, position:2480937
2012-05-23 14:24:26 PM INFO Master status: binlog: server3.000004, position:2480937
2012-05-23 14:24:44 PM INFO Master status: binlog: server3.000004, position:2480937
2012-05-23 14:25:02 PM INFO Master status: binlog: server3.000004, position:2480937
2012-05-23 14:25:20 PM INFO Master status: binlog: server3.000004, position:2480937
2012-05-23 14:25:38 PM INFO Master status: binlog: server3.000004, position:2480937
2012-05-23 14:25:56 PM INFO Master status: binlog: server3.000004, position:2480937
2012-05-23 14:26:14 PM INFO Master status: binlog: server3.000004, position:2480937
2012-05-23 14:26:32 PM INFO Master status: binlog: server3.000004, position:2480937
2012-05-23 14:26:50 PM INFO Master status: binlog: server3.000004, position:2480937
2012-05-23 14:27:08 PM INFO Master status: binlog: server3.000004, position:2480937
2012-05-23 14:27:26 PM INFO Master status: binlog: server3.000004, position:2480937
2012-05-23 14:27:44 PM INFO Master status: binlog: server3.000004, position:2480937
2012-05-23 14:28:02 PM INFO Master status: binlog: server3.000004, position:2480937
2012-05-23 14:28:21 PM INFO Master status: binlog: server3.000004, position:2480937
2012-05-23 14:28:39 PM INFO Master status: binlog: server3.000004, position:2480937
2012-05-23 14:28:57 PM INFO Master status: binlog: server3.000004, position:2480937
2012-05-23 14:29:15 PM INFO Master status: binlog: server3.000004, position:2480937
2012-05-23 14:29:33 PM INFO Master status: binlog: server3.000004, position:2480937
2012-05-23 14:29:51 PM INFO Master status: binlog: server3.000004, position:2480937
2012-05-23 14:30:09 PM INFO Master status: binlog: server3.000004, position:2480937
2012-05-23 14:30:27 PM INFO Master status: binlog: server3.000004, position:2480937
2012-05-23 14:30:45 PM INFO Master status: binlog: server3.000004, position:2480937
2012-05-23 14:31:03 PM INFO Master status: binlog: server3.000004, position:2480937
2012-05-23 14:31:21 PM INFO Master status: binlog: server3.000004, position:2480937
2012-05-23 14:31:39 PM INFO Master status: binlog: server3.000004, position:2480937
2012-05-23 14:31:57 PM INFO Master status: binlog: server3.000004, position:2480937
2012-05-23 14:32:16 PM INFO Master status: binlog: server3.000004, position:2480937
2012-05-23 14:32:34 PM INFO Master status: binlog: server3.000004, position:2480937
2012-05-23 14:32:52 PM INFO Master status: binlog: server3.000004, position:2480937
2012-05-23 14:33:10 PM INFO Master status: binlog: server3.000004, position:2480937
2012-05-23 14:33:28 PM INFO Master status: binlog: server3.000004, position:2480937
2012-05-23 14:33:46 PM INFO Master status: binlog: server3.000004, position:2480937
2012-05-23 14:34:04 PM INFO Master status: binlog: server3.000004, position:2480937
2012-05-23 14:34:22 PM INFO Master status: binlog: server3.000004, position:2480937
2012-05-23 14:34:40 PM INFO Master status: binlog: server3.000004, position:2480937
2012-05-23 14:34:58 PM INFO Master status: binlog: server3.000004, position:2480937
2012-05-23 14:35:16 PM INFO Master status: binlog: server3.000004, position:2480937
2012-05-23 14:35:34 PM INFO Master status: binlog: server3.000004, position:2480937
2012-05-23 14:35:52 PM INFO Master status: binlog: server3.000004, position:2480937
2012-05-23 14:36:10 PM INFO Master status: binlog: server3.000004, position:2480937
2012-05-23 14:36:28 PM INFO Master status: binlog: server3.000004, position:2480937
2012-05-23 14:36:46 PM INFO Master status: binlog: server3.000004, position:2480937
2012-05-23 14:37:04 PM INFO Master status: binlog: server3.000004, position:2480937
2012-05-23 14:37:23 PM INFO Master status: binlog: server3.000004, position:2480937
2012-05-23 14:37:41 PM INFO Master status: binlog: server3.000004, position:2480937
2012-05-23 14:37:59 PM INFO Master status: binlog: server3.000004, position:2480937
2012-05-23 14:38:17 PM INFO Master status: binlog: server3.000004, position:2480937
2012-05-23 14:38:35 PM INFO Master status: binlog: server3.000004, position:2480937
2012-05-23 14:38:53 PM INFO Master status: binlog: server3.000004, position:2480937
2012-05-23 14:39:11 PM INFO Master status: binlog: server3.000004, position:2480937
2012-05-23 14:39:29 PM INFO Master status: binlog: server3.000004, position:2480937
2012-05-23 14:39:47 PM INFO Master status: binlog: server3.000004, position:2480937
2012-05-23 14:40:05 PM INFO Master status: binlog: server3.000004, position:2480937
2012-05-23 14:40:23 PM INFO Master status: binlog: server3.000004, position:2480937
2012-05-23 14:40:41 PM INFO Master status: binlog: server3.000004, position:2480937
2012-05-23 14:40:59 PM INFO Master status: binlog: server3.000004, position:2480937
2012-05-23 14:41:17 PM INFO Master status: binlog: server3.000004, position:2480937
2012-05-23 14:41:35 PM INFO Master status: binlog: server3.000004, position:2480937
2012-05-23 14:41:53 PM INFO Master status: binlog: server3.000004, position:2480937
2012-05-23 14:42:12 PM INFO Master status: binlog: server3.000004, position:2480937
2012-05-23 14:42:30 PM INFO Master status: binlog: server3.000004, position:2480937
2012-05-23 14:42:48 PM INFO Master status: binlog: server3.000004, position:2480937
2012-05-23 14:43:06 PM INFO Master status: binlog: server3.000004, position:2480937
2012-05-23 14:43:24 PM INFO Master status: binlog: server3.000004, position:2480937
2012-05-23 14:43:42 PM INFO Master status: binlog: server3.000004, position:2480937
2012-05-23 14:44:00 PM INFO Master status: binlog: server3.000004, position:2480937
2012-05-23 14:44:18 PM INFO Master status: binlog: server3.000004, position:2480937
2012-05-23 14:44:36 PM INFO Master status: binlog: server3.000004, position:2480937
2012-05-23 14:44:54 PM INFO Master status: binlog: server3.000004, position:2480937
2012-05-23 14:45:12 PM INFO Master status: binlog: server3.000004, position:2480937
2012-05-23 14:45:30 PM INFO Master status: binlog: server3.000004, position:2480937
2012-05-23 14:45:48 PM INFO Master status: binlog: server3.000004, position:2480937
2012-05-23 14:46:06 PM INFO Master status: binlog: server3.000004, position:2480937
2012-05-23 14:46:24 PM INFO Master status: binlog: server3.000004, position:2480937
2012-05-23 14:46:42 PM INFO Master status: binlog: server3.000004, position:2480937
2012-05-23 14:47:01 PM INFO Master status: binlog: server3.000004, position:2480937
2012-05-23 14:47:19 PM INFO Master status: binlog: server3.000004, position:2480937
2012-05-23 14:47:37 PM INFO Master status: binlog: server3.000004, position:2480937
2012-05-23 14:47:55 PM INFO Master status: binlog: server3.000004, position:2480937
2012-05-23 14:48:13 PM INFO Master status: binlog: server3.000004, position:2480937
2012-05-23 14:48:31 PM INFO Master status: binlog: server3.000004, position:2480937
2012-05-23 14:48:49 PM INFO Master status: binlog: server3.000004, position:2480937
2012-05-23 14:49:07 PM INFO Master status: binlog: server3.000004, position:2480937
2012-05-23 14:49:25 PM INFO Master status: binlog: server3.000004, position:2480937
2012-05-23 14:49:43 PM INFO Master status: binlog: server3.000004, position:2480937
2012-05-23 14:50:01 PM INFO Master status: binlog: server3.000004, position:2480937
2012-05-23 14:50:19 PM INFO Master status: binlog: server3.000004, position:2480937
2012-05-23 14:50:38 PM INFO Master status: binlog: server3.000004, position:2480937
2012-05-23 14:50:56 PM INFO Master status: binlog: server3.000004, position:2480937
2012-05-23 14:51:14 PM INFO Master status: binlog: server3.000004, position:2480937
2012-05-23 14:51:32 PM INFO Master status: binlog: server3.000004, position:2480937
2012-05-23 14:51:50 PM INFO Master status: binlog: server3.000004, position:2480937
2012-05-23 14:52:08 PM INFO Master status: binlog: server3.000004, position:2480937
2012-05-23 14:52:26 PM INFO Master status: binlog: server3.000004, position:2480937
2012-05-23 14:52:44 PM INFO Master status: binlog: server3.000004, position:2480937
2012-05-23 14:53:02 PM INFO Master status: binlog: server3.000004, position:2480937
2012-05-23 14:53:20 PM INFO Master status: binlog: server3.000004, position:2480937
2012-05-23 14:53:38 PM INFO Master status: binlog: server3.000004, position:2480937
2012-05-23 14:53:56 PM INFO Master status: binlog: server3.000004, position:2480937
2012-05-23 14:54:14 PM CRITICAL Master is confirmed to be down or unreachable.
2012-05-23 14:54:14 PM INFO Failover starting in 'auto' mode...
2012-05-23 14:54:14 PM CRITICAL No candidate found for failover.
